[1114/130643.364:ERROR:process_reader_win.cc(242)] ReadMemory at 0x18f5b2a0000 of 64 bytes failed: Solo se completó una parte de una solicitud ReadProcessMemory o WriteProcessMemory. (0x12B)
[1114/130643.380:WARNING:pe_image_reader.cc(302)] could not read dos header from C:\WINDOWS\System32\COMDLG32.dll
[1114/130643.380:ERROR:process_reader_win.cc(242)] ReadMemory at 0x7fffed920000 of 64 bytes failed: Solo se completó una parte de una solicitud ReadProcessMemory o WriteProcessMemory. (0x12B)
[1114/130643.380:WARNING:pe_image_reader.cc(302)] could not read dos header from C:\WINDOWS\SYSTEM32\IPHLPAPI.DLL
[1114/130643.380:ERROR:process_reader_win.cc(242)] ReadMemory at 0x7fffeb240000 of 64 bytes failed: Solo se completó una parte de una solicitud ReadProcessMemory o WriteProcessMemory. (0x12B)
[1114/130643.380:WARNING:pe_image_reader.cc(302)] could not read dos header from C:\WINDOWS\SYSTEM32\msdmo.dll
[1114/130643.380:ERROR:process_reader_win.cc(242)] ReadMemory at 0x7fffe4320000 of 64 bytes failed: Solo se completó una parte de una solicitud ReadProcessMemory o WriteProcessMemory. (0x12B)
[1114/130643.380:WARNING:pe_image_reader.cc(302)] could not read dos header from C:\WINDOWS\WinSxS\amd64_microsoft.windows.common-controls_6595b64144ccf1df_6.0.17134.345_none_fb429a5930656358\COMCTL32.dll
[1114/130643.380:ERROR:process_reader_win.cc(242)] ReadMemory at 0x7fffd1970000 of 64 bytes failed: Solo se completó una parte de una solicitud ReadProcessMemory o WriteProcessMemory. (0x12B)
[1114/130643.380:WARNING:pe_image_reader.cc(302)] could not read dos header from C:\WINDOWS\SYSTEM32\DWrite.dll
[1114/130643.380:ERROR:process_reader_win.cc(242)] ReadMemory at 0x7fffe5930000 of 64 bytes failed: Solo se completó una parte de una solicitud ReadProcessMemory o WriteProcessMemory. (0x12B)
[1114/130643.380:WARNING:pe_image_reader.cc(302)] could not read dos header from C:\WINDOWS\SYSTEM32\WINSPOOL.DRV
[1114/130643.380:ERROR:process_reader_win.cc(242)] ReadMemory at 0x7fffdf7d0000 of 64 bytes failed: Solo se completó una parte de una solicitud ReadProcessMemory o WriteProcessMemory. (0x12B)
[1114/130643.380:WARNING:pe_image_reader.cc(302)] could not read dos header from C:\WINDOWS\SYSTEM32\dbghelp.dll
[1114/130643.380:ERROR:process_reader_win.cc(242)] ReadMemory at 0x7fffea0a0000 of 64 bytes failed: Solo se completó una parte de una solicitud ReadProcessMemory o WriteProcessMemory. (0x12B)
[1114/130643.380:WARNING:pe_image_reader.cc(302)] could not read dos header from C:\WINDOWS\SYSTEM32\USP10.dll
[1114/130643.380:ERROR:process_reader_win.cc(242)] ReadMemory at 0x7fffed090000 of 64 bytes failed: Solo se completó una parte de una solicitud ReadProcessMemory o WriteProcessMemory. (0x12B)
[1114/130643.380:WARNING:pe_image_reader.cc(302)] could not read dos header from C:\WINDOWS\SYSTEM32\dxgi.dll
[1114/130643.380:ERROR:process_reader_win.cc(242)] ReadMemory at 0x7fffe2740000 of 64 bytes failed: Solo se completó una parte de una solicitud ReadProcessMemory o WriteProcessMemory. (0x12B)
[1114/130643.380:WARNING:pe_image_reader.cc(302)] could not read dos header from C:\WINDOWS\SYSTEM32\urlmon.dll
[1114/130643.380:ERROR:process_reader_win.cc(242)] ReadMemory at 0x7fffe2c70000 of 64 bytes failed: Solo se completó una parte de una solicitud ReadProcessMemory o WriteProcessMemory. (0x12B)
[1114/130643.380:WARNING:pe_image_reader.cc(302)] could not read dos header from C:\WINDOWS\SYSTEM32\Secur32.dll
[1114/130643.380:ERROR:process_reader_win.cc(242)] ReadMemory at 0x7fffe5280000 of 64 bytes failed: Solo se completó una parte de una solicitud ReadProcessMemory o WriteProcessMemory. (0x12B)
[1114/130643.380:WARNING:pe_image_reader.cc(302)] could not read dos header from C:\WINDOWS\SYSTEM32\WINHTTP.dll
[1114/130643.380:ERROR:process_reader_win.cc(242)] ReadMemory at 0x7fffe76b0000 of 64 bytes failed: Solo se completó una parte de una solicitud ReadProcessMemory o WriteProcessMemory. (0x12B)
[1114/130643.380:WARNING:pe_image_reader.cc(302)] could not read dos header from C:\WINDOWS\SYSTEM32\dhcpcsvc.DLL
[1114/130643.380:ERROR:process_reader_win.cc(242)] ReadMemory at 0x18f5b280000 of 64 bytes failed: Solo se completó una parte de una solicitud ReadProcessMemory o WriteProcessMemory. (0x12B)
[1114/130643.380:WARNING:pe_image_reader.cc(302)] could not read dos header from C:\WINDOWS\System32\NSI.dll
[1114/130643.380:ERROR:process_reader_win.cc(242)] ReadMemory at 0x7fffea1c0000 of 64 bytes failed: Solo se completó una parte de una solicitud ReadProcessMemory o WriteProcessMemory. (0x12B)
[1114/130643.380:WARNING:pe_image_reader.cc(302)] could not read dos header from C:\WINDOWS\SYSTEM32\PROPSYS.dll
[1114/130643.380:ERROR:process_reader_win.cc(242)] ReadMemory at 0x7fffede80000 of 64 bytes failed: Solo se completó una parte de una solicitud ReadProcessMemory o WriteProcessMemory. (0x12B)
[1114/130643.380:WARNING:pe_image_reader.cc(302)] could not read dos header from C:\WINDOWS\SYSTEM32\bcrypt.dll
[1114/130643.380:ERROR:process_reader_win.cc(242)] ReadMemory at 0x7fffe2490000 of 64 bytes failed: Solo se completó una parte de una solicitud ReadProcessMemory o WriteProcessMemory. (0x12B)
[1114/130643.380:WARNING:pe_image_reader.cc(302)] could not read dos header from C:\WINDOWS\SYSTEM32\iertutil.dll
[1114/130643.380:ERROR:process_reader_win.cc(242)] ReadMemory at 0x7fffee250000 of 64 bytes failed: Solo se completó una parte de una solicitud ReadProcessMemory o WriteProcessMemory. (0x12B)
[1114/130643.380:WARNING:pe_image_reader.cc(302)] could not read dos header from C:\WINDOWS\SYSTEM32\SSPICLI.DLL
[1114/130643.396:ERROR:process_reader_win.cc(242)] ReadMemory at 0x16a73e3000 of 118784 bytes failed: Solo se completó una parte de una solicitud ReadProcessMemory o WriteProcessMemory. (0x12B)
[1114/130643.396:ERROR:process_reader_win.cc(242)] ReadMemory at 0x16a75fe000 of 8192 bytes failed: Solo se completó una parte de una solicitud ReadProcessMemory o WriteProcessMemory. (0x12B)
[1114/130643.411:ERROR:process_reader_win.cc(242)] ReadMemory at 0x16a77fe000 of 8192 bytes failed: Solo se completó una parte de una solicitud ReadProcessMemory o WriteProcessMemory. (0x12B)
[1114/130643.411:ERROR:process_reader_win.cc(242)] ReadMemory at 0x16a79fe000 of 8192 bytes failed: Solo se completó una parte de una solicitud ReadProcessMemory o WriteProcessMemory. (0x12B)
[1114/130643.411:ERROR:process_reader_win.cc(242)] ReadMemory at 0x16a7bfe000 of 8192 bytes failed: Solo se completó una parte de una solicitud ReadProcessMemory o WriteProcessMemory. (0x12B)
[1114/130643.411:ERROR:process_reader_win.cc(242)] ReadMemory at 0x16a7dfe000 of 8192 bytes failed: Solo se completó una parte de una solicitud ReadProcessMemory o WriteProcessMemory. (0x12B)
[1114/130643.411:ERROR:process_reader_win.cc(242)] ReadMemory at 0x16a7ffe000 of 8192 bytes failed: Solo se completó una parte de una solicitud ReadProcessMemory o WriteProcessMemory. (0x12B)
[1114/130643.411:ERROR:process_reader_win.cc(242)] ReadMemory at 0x16a81fd000 of 12288 bytes failed: Solo se completó una parte de una solicitud ReadProcessMemory o WriteProcessMemory. (0x12B)
[1114/130643.411:ERROR:process_reader_win.cc(242)] ReadMemory at 0x16a83fe000 of 8192 bytes failed: Solo se completó una parte de una solicitud ReadProcessMemory o WriteProcessMemory. (0x12B)
[1114/130643.411:ERROR:process_reader_win.cc(242)] ReadMemory at 0x16a85fe000 of 8192 bytes failed: Solo se completó una parte de una solicitud ReadProcessMemory o WriteProcessMemory. (0x12B)
[1114/130643.411:ERROR:process_reader_win.cc(242)] ReadMemory at 0x16a87fd000 of 12288 bytes failed: Solo se completó una parte de una solicitud ReadProcessMemory o WriteProcessMemory. (0x12B)
[1114/130643.411:ERROR:process_reader_win.cc(242)] ReadMemory at 0x16a89fe000 of 8192 bytes failed: Solo se completó una parte de una solicitud ReadProcessMemory o WriteProcessMemory. (0x12B)
[1114/130643.411:ERROR:process_reader_win.cc(242)] ReadMemory at 0x16a8bfd000 of 12288 bytes failed: Solo se completó una parte de una solicitud ReadProcessMemory o WriteProcessMemory. (0x12B)
[1114/130643.411:ERROR:process_reader_win.cc(242)] ReadMemory at 0x16a8dfe000 of 8192 bytes failed: Solo se completó una parte de una solicitud ReadProcessMemory o WriteProcessMemory. (0x12B)
[1114/130643.411:ERROR:process_reader_win.cc(242)] ReadMemory at 0x16a8ffe000 of 8192 bytes failed: Solo se completó una parte de una solicitud ReadProcessMemory o WriteProcessMemory. (0x12B)
[1114/130643.411:ERROR:process_reader_win.cc(242)] ReadMemory at 0x16a91fe000 of 8192 bytes failed: Solo se completó una parte de una solicitud ReadProcessMemory o WriteProcessMemory. (0x12B)
[1114/130643.411:ERROR:process_reader_win.cc(242)] ReadMemory at 0x16a70e1000 of 852 bytes failed: Solo se completó una parte de una solicitud ReadProcessMemory o WriteProcessMemory. (0x12B)
[1114/130643.411:ERROR:process_reader_win.cc(242)] ReadMemory at 0x16a70e2000 of 6024 bytes failed: Solo se completó una parte de una solicitud ReadProcessMemory o WriteProcessMemory. (0x12B)
[1114/130643.411:ERROR:process_reader_win.cc(242)] ReadMemory at 0x16a70e4000 of 6024 bytes failed: Solo se completó una parte de una solicitud ReadProcessMemory o WriteProcessMemory. (0x12B)
[1114/130643.411:ERROR:process_reader_win.cc(242)] ReadMemory at 0x16a70e6000 of 6024 bytes failed: Solo se completó una parte de una solicitud ReadProcessMemory o WriteProcessMemory. (0x12B)
[1114/130643.411:ERROR:process_reader_win.cc(242)] ReadMemory at 0x16a70e8000 of 6024 bytes failed: Solo se completó una parte de una solicitud ReadProcessMemory o WriteProcessMemory. (0x12B)
[1114/130643.411:ERROR:process_reader_win.cc(242)] ReadMemory at 0x16a70ea000 of 6024 bytes failed: Solo se completó una parte de una solicitud ReadProcessMemory o WriteProcessMemory. (0x12B)
[1114/130643.411:ERROR:process_reader_win.cc(242)] ReadMemory at 0x16a70ec000 of 6024 bytes failed: Solo se completó una parte de una solicitud ReadProcessMemory o WriteProcessMemory. (0x12B)
[1114/130643.411:ERROR:process_reader_win.cc(242)] ReadMemory at 0x16a70ee000 of 6024 bytes failed: Solo se completó una parte de una solicitud ReadProcessMemory o WriteProcessMemory. (0x12B)
[1114/130643.411:ERROR:process_reader_win.cc(242)] ReadMemory at 0x16a70f0000 of 6024 bytes failed: Solo se completó una parte de una solicitud ReadProcessMemory o WriteProcessMemory. (0x12B)
[1114/130643.411:ERROR:process_reader_win.cc(242)] ReadMemory at 0x16a70f2000 of 6024 bytes failed: Solo se completó una parte de una solicitud ReadProcessMemory o WriteProcessMemory. (0x12B)
[1114/130643.411:ERROR:process_reader_win.cc(242)] ReadMemory at 0x16a70f4000 of 6024 bytes failed: Solo se completó una parte de una solicitud ReadProcessMemory o WriteProcessMemory. (0x12B)
[1114/130643.411:ERROR:process_reader_win.cc(242)] ReadMemory at 0x16a70f6000 of 6024 bytes failed: Solo se completó una parte de una solicitud ReadProcessMemory o WriteProcessMemory. (0x12B)
[1114/130643.411:ERROR:process_reader_win.cc(242)] ReadMemory at 0x16a70f8000 of 6024 bytes failed: Solo se completó una parte de una solicitud ReadProcessMemory o WriteProcessMemory. (0x12B)
[1114/130643.411:ERROR:process_reader_win.cc(242)] ReadMemory at 0x16a70fa000 of 6024 bytes failed: Solo se completó una parte de una solicitud ReadProcessMemory o WriteProcessMemory. (0x12B)
[1114/130643.411:ERROR:process_reader_win.cc(242)] ReadMemory at 0x16a70fc000 of 6024 bytes failed: Solo se completó una parte de una solicitud ReadProcessMemory o WriteProcessMemory. (0x12B)
[1114/130643.411:ERROR:process_reader_win.cc(242)] ReadMemory at 0x16a70fe000 of 6024 bytes failed: Solo se completó una parte de una solicitud ReadProcessMemory o WriteProcessMemory. (0x12B)
[1114/130643.411:ERROR:process_reader_win.cc(242)] ReadMemory at 0x16a7100000 of 6024 bytes failed: Solo se completó una parte de una solicitud ReadProcessMemory o WriteProcessMemory. (0x12B)
[1114/130643.411:ERROR:process_reader_win.cc(242)] ReadMemory at 0x18f5b140ab0 of 512 bytes failed: Solo se completó una parte de una solicitud ReadProcessMemory o WriteProcessMemory. (0x12B)
[1114/130643.411:ERROR:process_reader_win.cc(242)] ReadMemory at 0x18f5b140fc0 of 4988 bytes failed: Solo se completó una parte de una solicitud ReadProcessMemory o WriteProcessMemory. (0x12B)
[1114/130643.411:ERROR:process_reader_win.cc(242)] ReadMemory at 0x18f5b142350 of 1012 bytes failed: Solo se completó una parte de una solicitud ReadProcessMemory o WriteProcessMemory. (0x12B)
[1114/130643.411:ERROR:process_reader_win.cc(242)] ReadMemory at 0x18f5b142968 of 118 bytes failed: Solo se completó una parte de una solicitud ReadProcessMemory o WriteProcessMemory. (0x12B)
[1114/130643.411:ERROR:process_reader_win.cc(242)] ReadMemory at 0x18f5b1429e0 of 1038 bytes failed: Solo se completó una parte de una solicitud ReadProcessMemory o WriteProcessMemory. (0x12B)
[1114/130643.411:ERROR:process_reader_win.cc(242)] ReadMemory at 0x18f5b142df0 of 118 bytes failed: Solo se completó una parte de una solicitud ReadProcessMemory o WriteProcessMemory. (0x12B)
[1114/130643.411:ERROR:process_reader_win.cc(242)] ReadMemory at 0x18f5b142e68 of 100 bytes failed: Solo se completó una parte de una solicitud ReadProcessMemory o WriteProcessMemory. (0x12B)
[1114/130643.411:ERROR:process_reader_win.cc(242)] ReadMemory at 0x18f5b142ee0 of 58 bytes failed: Solo se completó una parte de una solicitud ReadProcessMemory o WriteProcessMemory. (0x12B)
[1114/130643.411:ERROR:process_reader_win.cc(242)] ReadMemory at 0x18f5b142fe0 of 132 bytes failed: Solo se completó una parte de una solicitud ReadProcessMemory o WriteProcessMemory. (0x12B)
[1114/130643.411:ERROR:process_reader_win.cc(242)] ReadMemory at 0x18f5b143170 of 132 bytes failed: Solo se completó una parte de una solicitud ReadProcessMemory o WriteProcessMemory. (0x12B)
[1114/130643.411:ERROR:process_reader_win.cc(242)] ReadMemory at 0x18f5b143330 of 126 bytes failed: Solo se completó una parte de una solicitud ReadProcessMemory o WriteProcessMemory. (0x12B)
[1114/130643.411:ERROR:process_reader_win.cc(242)] ReadMemory at 0x18f5b143710 of 132 bytes failed: Solo se completó una parte de una solicitud ReadProcessMemory o WriteProcessMemory. (0x12B)
[1114/130643.411:ERROR:process_reader_win.cc(242)] ReadMemory at 0x18f5b1438a0 of 64 bytes failed: Solo se completó una parte de una solicitud ReadProcessMemory o WriteProcessMemory. (0x12B)
[1114/130643.411:ERROR:process_reader_win.cc(242)] ReadMemory at 0x18f5b143a00 of 132 bytes failed: Solo se completó una parte de una solicitud ReadProcessMemory o WriteProcessMemory. (0x12B)
[1114/130643.411:ERROR:process_reader_win.cc(242)] ReadMemory at 0x18f5b143c00 of 62 bytes failed: Solo se completó una parte de una solicitud ReadProcessMemory o WriteProcessMemory. (0x12B)
[1114/130643.411:ERROR:process_reader_win.cc(242)] ReadMemory at 0x18f5b143cf0 of 132 bytes failed: Solo se completó una parte de una solicitud ReadProcessMemory o WriteProcessMemory. (0x12B)
[1114/130643.411:ERROR:process_reader_win.cc(242)] ReadMemory at 0x18f5b143e80 of 68 bytes failed: Solo se completó una parte de una solicitud ReadProcessMemory o WriteProcessMemory. (0x12B)
[1114/130643.411:ERROR:process_reader_win.cc(242)] ReadMemory at 0x18f5b14a140 of 132 bytes failed: Solo se completó una parte de una solicitud ReadProcessMemory o WriteProcessMemory. (0x12B)
[1114/130643.411:ERROR:process_reader_win.cc(242)] ReadMemory at 0x18f5b14a350 of 132 bytes failed: Solo se completó una parte de una solicitud ReadProcessMemory o WriteProcessMemory. (0x12B)
[1114/130643.411:ERROR:process_reader_win.cc(242)] ReadMemory at 0x18f5b14a480 of 62 bytes failed: Solo se completó una parte de una solicitud ReadProcessMemory o WriteProcessMemory. (0x12B)
[1114/130643.411:ERROR:process_reader_win.cc(242)] ReadMemory at 0x18f5b14a880 of 132 bytes failed: Solo se completó una parte de una solicitud ReadProcessMemory o WriteProcessMemory. (0x12B)
[1114/130643.411:ERROR:process_reader_win.cc(242)] ReadMemory at 0x18f5b14bfb0 of 60 bytes failed: Solo se completó una parte de una solicitud ReadProcessMemory o WriteProcessMemory. (0x12B)
[1114/130643.411:ERROR:process_reader_win.cc(242)] ReadMemory at 0x18f5b14c000 of 158 bytes failed: Solo se completó una parte de una solicitud ReadProcessMemory o WriteProcessMemory. (0x12B)
[1114/130643.411:ERROR:process_reader_win.cc(242)] ReadMemory at 0x18f5b14c200 of 132 bytes failed: Solo se completó una parte de una solicitud ReadProcessMemory o WriteProcessMemory. (0x12B)
[1114/130643.411:ERROR:process_reader_win.cc(242)] ReadMemory at 0x18f5b14c390 of 64 bytes failed: Solo se completó una parte de una solicitud ReadProcessMemory o WriteProcessMemory. (0x12B)
[1114/130643.411:ERROR:process_reader_win.cc(242)] ReadMemory at 0x18f5b14c610 of 132 bytes failed: Solo se completó una parte de una solicitud ReadProcessMemory o WriteProcessMemory. (0x12B)
[1114/130643.411:ERROR:process_reader_win.cc(242)] ReadMemory at 0x18f5b14c7a0 of 64 bytes failed: Solo se completó una parte de una solicitud ReadProcessMemory o WriteProcessMemory. (0x12B)
[1114/130643.411:ERROR:process_reader_win.cc(242)] ReadMemory at 0x18f5b14ca00 of 132 bytes failed: Solo se completó una parte de una solicitud ReadProcessMemory o WriteProcessMemory. (0x12B)
[1114/130643.411:ERROR:process_reader_win.cc(242)] ReadMemory at 0x18f5b14cb90 of 60 bytes failed: Solo se completó una parte de una solicitud ReadProcessMemory o WriteProcessMemory. (0x12B)
[1114/130643.411:ERROR:process_reader_win.cc(242)] ReadMemory at 0x18f5b14cbe0 of 246 bytes failed: Solo se completó una parte de una solicitud ReadProcessMemory o WriteProcessMemory. (0x12B)
[1114/130643.411:ERROR:process_reader_win.cc(242)] ReadMemory at 0x18f5b14ceb0 of 132 bytes failed: Solo se completó una parte de una solicitud ReadProcessMemory o WriteProcessMemory. (0x12B)
[1114/130643.411:ERROR:process_reader_win.cc(242)] ReadMemory at 0x18f5b14d040 of 60 bytes failed: Solo se completó una parte de una solicitud ReadProcessMemory o WriteProcessMemory. (0x12B)
[1114/130643.411:ERROR:process_reader_win.cc(242)] ReadMemory at 0x18f5b14d280 of 132 bytes failed: Solo se completó una parte de una solicitud ReadProcessMemory o WriteProcessMemory. (0x12B)
[1114/130643.411:ERROR:process_reader_win.cc(242)] ReadMemory at 0x18f5b14d410 of 62 bytes failed: Solo se completó una parte de una solicitud ReadProcessMemory o WriteProcessMemory. (0x12B)
[1114/130643.411:ERROR:process_reader_win.cc(242)] ReadMemory at 0x18f5b14df60 of 132 bytes failed: Solo se completó una parte de una solicitud ReadProcessMemory o WriteProcessMemory. (0x12B)
[1114/130643.411:ERROR:process_reader_win.cc(242)] ReadMemory at 0x18f5b14e320 of 78 bytes failed: Solo se completó una parte de una solicitud ReadProcessMemory o WriteProcessMemory. (0x12B)
[1114/130643.411:ERROR:process_reader_win.cc(242)] ReadMemory at 0x18f5b14e5c0 of 80 bytes failed: Solo se completó una parte de una solicitud ReadProcessMemory o WriteProcessMemory. (0x12B)
[1114/130643.411:ERROR:process_reader_win.cc(242)] ReadMemory at 0x18f5b14e800 of 76 bytes failed: Solo se completó una parte de una solicitud ReadProcessMemory o WriteProcessMemory. (0x12B)
[1114/130643.411:ERROR:process_reader_win.cc(242)] ReadMemory at 0x18f5b14ea30 of 132 bytes failed: Solo se completó una parte de una solicitud ReadProcessMemory o WriteProcessMemory. (0x12B)
[1114/130643.411:ERROR:process_reader_win.cc(242)] ReadMemory at 0x18f5b14eae0 of 512 bytes failed: Solo se completó una parte de una solicitud ReadProcessMemory o WriteProcessMemory. (0x12B)
[1114/130643.411:ERROR:process_reader_win.cc(242)] ReadMemory at 0x18f5b14ef10 of 132 bytes failed: Solo se completó una parte de una solicitud ReadProcessMemory o WriteProcessMemory. (0x12B)
[1114/130643.411:ERROR:process_reader_win.cc(242)] ReadMemory at 0x18f5b14f040 of 64 bytes failed: Solo se completó una parte de una solicitud ReadProcessMemory o WriteProcessMemory. (0x12B)
[1114/130643.411:ERROR:process_reader_win.cc(242)] ReadMemory at 0x18f5b1501b0 of 132 bytes failed: Solo se completó una parte de una solicitud ReadProcessMemory o WriteProcessMemory. (0x12B)
[1114/130643.411:ERROR:process_reader_win.cc(242)] ReadMemory at 0x18f5b1502e0 of 62 bytes failed: Solo se completó una parte de una solicitud ReadProcessMemory o WriteProcessMemory. (0x12B)
[1114/130643.411:ERROR:process_reader_win.cc(242)] ReadMemory at 0x18f5b150450 of 132 bytes failed: Solo se completó una parte de una solicitud ReadProcessMemory o WriteProcessMemory. (0x12B)
[1114/130643.411:ERROR:process_reader_win.cc(242)] ReadMemory at 0x18f5b150580 of 132 bytes failed: Solo se completó una parte de una solicitud ReadProcessMemory o WriteProcessMemory. (0x12B)
[1114/130643.411:ERROR:process_reader_win.cc(242)] ReadMemory at 0x18f5b1506b0 of 132 bytes failed: Solo se completó una parte de una solicitud ReadProcessMemory o WriteProcessMemory. (0x12B)
[1114/130643.411:ERROR:process_reader_win.cc(242)] ReadMemory at 0x18f5b1507e0 of 132 bytes failed: Solo se completó una parte de una solicitud ReadProcessMemory o WriteProcessMemory. (0x12B)
[1114/130643.411:ERROR:process_reader_win.cc(242)] ReadMemory at 0x18f5b150910 of 132 bytes failed: Solo se completó una parte de una solicitud ReadProcessMemory o WriteProcessMemory. (0x12B)
[1114/130643.411:ERROR:process_reader_win.cc(242)] ReadMemory at 0x18f5b150a40 of 132 bytes failed: Solo se completó una parte de una solicitud ReadProcessMemory o WriteProcessMemory. (0x12B)
[1114/130643.411:ERROR:process_reader_win.cc(242)] ReadMemory at 0x18f5b150b70 of 132 bytes failed: Solo se completó una parte de una solicitud ReadProcessMemory o WriteProcessMemory. (0x12B)
[1114/130643.411:ERROR:process_reader_win.cc(242)] ReadMemory at 0x18f5b150ca0 of 132 bytes failed: Solo se completó una parte de una solicitud ReadProcessMemory o WriteProcessMemory. (0x12B)
[1114/130643.411:ERROR:process_reader_win.cc(242)] ReadMemory at 0x18f5b150dd0 of 132 bytes failed: Solo se completó una parte de una solicitud ReadProcessMemory o WriteProcessMemory. (0x12B)
[1114/130643.411:ERROR:process_reader_win.cc(242)] ReadMemory at 0x18f5b150f00 of 132 bytes failed: Solo se completó una parte de una solicitud ReadProcessMemory o WriteProcessMemory. (0x12B)
[1114/130643.411:ERROR:process_reader_win.cc(242)] ReadMemory at 0x18f5b151030 of 132 bytes failed: Solo se completó una parte de una solicitud ReadProcessMemory o WriteProcessMemory. (0x12B)
[1114/130643.411:ERROR:process_reader_win.cc(242)] ReadMemory at 0x18f5b151160 of 132 bytes failed: Solo se completó una parte de una solicitud ReadProcessMemory o WriteProcessMemory. (0x12B)
[1114/130643.411:ERROR:process_reader_win.cc(242)] ReadMemory at 0x18f5b151290 of 132 bytes failed: Solo se completó una parte de una solicitud ReadProcessMemory o WriteProcessMemory. (0x12B)
[1114/130643.411:ERROR:process_reader_win.cc(242)] ReadMemory at 0x18f5b151460 of 60 bytes failed: Solo se completó una parte de una solicitud ReadProcessMemory o WriteProcessMemory. (0x12B)
[1114/130643.411:ERROR:process_reader_win.cc(242)] ReadMemory at 0x18f5b1514b0 of 62 bytes failed: Solo se completó una parte de una solicitud ReadProcessMemory o WriteProcessMemory. (0x12B)
[1114/130643.411:ERROR:process_reader_win.cc(242)] ReadMemory at 0x18f5b1515a0 of 66 bytes failed: Solo se completó una parte de una solicitud ReadProcessMemory o WriteProcessMemory. (0x12B)
[1114/130643.411:ERROR:process_reader_win.cc(242)] ReadMemory at 0x18f5b1515f0 of 58 bytes failed: Solo se completó una parte de una solicitud ReadProcessMemory o WriteProcessMemory. (0x12B)
[1114/130643.411:ERROR:process_reader_win.cc(242)] ReadMemory at 0x18f5b151640 of 60 bytes failed: Solo se completó una parte de una solicitud ReadProcessMemory o WriteProcessMemory. (0x12B)
[1114/130643.411:ERROR:process_reader_win.cc(242)] ReadMemory at 0x18f5b151690 of 62 bytes failed: Solo se completó una parte de una solicitud ReadProcessMemory o WriteProcessMemory. (0x12B)
[1114/130643.411:ERROR:process_reader_win.cc(242)] ReadMemory at 0x18f5b151780 of 66 bytes failed: Solo se completó una parte de una solicitud ReadProcessMemory o WriteProcessMemory. (0x12B)
[1114/130643.411:ERROR:process_reader_win.cc(242)] ReadMemory at 0x18f5b151870 of 62 bytes failed: Solo se completó una parte de una solicitud ReadProcessMemory o WriteProcessMemory. (0x12B)
[1114/130643.411:ERROR:process_reader_win.cc(242)] ReadMemory at 0x18f5b1518c0 of 58 bytes failed: Solo se completó una parte de una solicitud ReadProcessMemory o WriteProcessMemory. (0x12B)
[1114/130643.411:ERROR:process_reader_win.cc(242)] ReadMemory at 0x18f5b151910 of 58 bytes failed: Solo se completó una parte de una solicitud ReadProcessMemory o WriteProcessMemory. (0x12B)
[1114/130643.411:ERROR:process_reader_win.cc(242)] ReadMemory at 0x18f5b1519b0 of 62 bytes failed: Solo se completó una parte de una solicitud ReadProcessMemory o WriteProcessMemory. (0x12B)
[1114/130643.411:ERROR:process_reader_win.cc(242)] ReadMemory at 0x18f5b151a00 of 66 bytes failed: Solo se completó una parte de una solicitud ReadProcessMemory o WriteProcessMemory. (0x12B)
[1114/130643.411:ERROR:process_reader_win.cc(242)] ReadMemory at 0x18f5b151a50 of 60 bytes failed: Solo se completó una parte de una solicitud ReadProcessMemory o WriteProcessMemory. (0x12B)
[1114/130643.411:ERROR:process_reader_win.cc(242)] ReadMemory at 0x18f5b151aa0 of 60 bytes failed: Solo se completó una parte de una solicitud ReadProcessMemory o WriteProcessMemory. (0x12B)
[1114/130643.411:ERROR:process_reader_win.cc(242)] ReadMemory at 0x18f5b151af0 of 64 bytes failed: Solo se completó una parte de una solicitud ReadProcessMemory o WriteProcessMemory. (0x12B)
[1114/130643.411:ERROR:process_reader_win.cc(242)] ReadMemory at 0x18f5b151c8c of 512 bytes failed: Solo se completó una parte de una solicitud ReadProcessMemory o WriteProcessMemory. (0x12B)
[1114/130643.411:ERROR:process_reader_win.cc(242)] ReadMemory at 0x18f5b1536c0 of 132 bytes failed: Solo se completó una parte de una solicitud ReadProcessMemory o WriteProcessMemory. (0x12B)
[1114/130643.411:ERROR:process_reader_win.cc(242)] ReadMemory at 0x18f5b1537f0 of 132 bytes failed: Solo se completó una parte de una solicitud ReadProcessMemory o WriteProcessMemory. (0x12B)
[1114/130643.411:ERROR:process_reader_win.cc(242)] ReadMemory at 0x18f5b153920 of 132 bytes failed: Solo se completó una parte de una solicitud ReadProcessMemory o WriteProcessMemory. (0x12B)
[1114/130643.411:ERROR:process_reader_win.cc(242)] ReadMemory at 0x18f5b153a50 of 132 bytes failed: Solo se completó una parte de una solicitud ReadProcessMemory o WriteProcessMemory. (0x12B)
[1114/130643.411:ERROR:process_reader_win.cc(242)] ReadMemory at 0x18f5b153b80 of 132 bytes failed: Solo se completó una parte de una solicitud ReadProcessMemory o WriteProcessMemory. (0x12B)
[1114/130643.411:ERROR:process_reader_win.cc(242)] ReadMemory at 0x18f5b153cb0 of 132 bytes failed: Solo se completó una parte de una solicitud ReadProcessMemory o WriteProcessMemory. (0x12B)
[1114/130643.411:ERROR:process_reader_win.cc(242)] ReadMemory at 0x18f5b153de0 of 132 bytes failed: Solo se completó una parte de una solicitud ReadProcessMemory o WriteProcessMemory. (0x12B)
[1114/130643.411:ERROR:process_reader_win.cc(242)] ReadMemory at 0x18f5b154040 of 132 bytes failed: Solo se completó una parte de una solicitud ReadProcessMemory o WriteProcessMemory. (0x12B)
[1114/130643.411:ERROR:process_reader_win.cc(242)] ReadMemory at 0x18f5b154170 of 132 bytes failed: Solo se completó una parte de una solicitud ReadProcessMemory o WriteProcessMemory. (0x12B)
[1114/130643.411:ERROR:process_reader_win.cc(242)] ReadMemory at 0x18f5b1542a0 of 132 bytes failed: Solo se completó una parte de una solicitud ReadProcessMemory o WriteProcessMemory. (0x12B)
[1114/130643.411:ERROR:process_reader_win.cc(242)] ReadMemory at 0x18f5b1543d0 of 132 bytes failed: Solo se completó una parte de una solicitud ReadProcessMemory o WriteProcessMemory. (0x12B)
[1114/130643.411:ERROR:process_reader_win.cc(242)] ReadMemory at 0x18f5b154500 of 132 bytes failed: Solo se completó una parte de una solicitud ReadProcessMemory o WriteProcessMemory. (0x12B)
[1114/130643.411:ERROR:process_reader_win.cc(242)] ReadMemory at 0x18f5b154630 of 132 bytes failed: Solo se completó una parte de una solicitud ReadProcessMemory o WriteProcessMemory. (0x12B)
[1114/130643.411:ERROR:process_reader_win.cc(242)] ReadMemory at 0x18f5b154760 of 132 bytes failed: Solo se completó una parte de una solicitud ReadProcessMemory o WriteProcessMemory. (0x12B)
[1114/130643.411:ERROR:process_reader_win.cc(242)] ReadMemory at 0x18f5b154890 of 132 bytes failed: Solo se completó una parte de una solicitud ReadProcessMemory o WriteProcessMemory. (0x12B)
[1114/130643.411:ERROR:process_reader_win.cc(242)] ReadMemory at 0x18f5b1549c0 of 132 bytes failed: Solo se completó una parte de una solicitud ReadProcessMemory o WriteProcessMemory. (0x12B)
[1114/130643.411:ERROR:process_reader_win.cc(242)] ReadMemory at 0x18f5b154af0 of 132 bytes failed: Solo se completó una parte de una solicitud ReadProcessMemory o WriteProcessMemory. (0x12B)
[1114/130643.411:ERROR:process_reader_win.cc(242)] ReadMemory at 0x18f5b154c20 of 132 bytes failed: Solo se completó una parte de una solicitud ReadProcessMemory o WriteProcessMemory. (0x12B)
[1114/130643.411:ERROR:process_reader_win.cc(242)] ReadMemory at 0x18f5b154d50 of 132 bytes failed: Solo se completó una parte de una solicitud ReadProcessMemory o WriteProcessMemory. (0x12B)
[1114/130643.411:ERROR:process_reader_win.cc(242)] ReadMemory at 0x18f5b154e80 of 132 bytes failed: Solo se completó una parte de una solicitud ReadProcessMemory o WriteProcessMemory. (0x12B)
[1114/130643.411:ERROR:process_reader_win.cc(242)] ReadMemory at 0x18f5b154fb0 of 132 bytes failed: Solo se completó una parte de una solicitud ReadProcessMemory o WriteProcessMemory. (0x12B)
[1114/130643.411:ERROR:process_reader_win.cc(242)] ReadMemory at 0x18f5b1550e0 of 132 bytes failed: Solo se completó una parte de una solicitud ReadProcessMemory o WriteProcessMemory. (0x12B)
[1114/130643.411:ERROR:process_reader_win.cc(242)] ReadMemory at 0x18f5b155210 of 132 bytes failed: Solo se completó una parte de una solicitud ReadProcessMemory o WriteProcessMemory. (0x12B)
[1114/130643.411:ERROR:process_reader_win.cc(242)] ReadMemory at 0x18f5b155340 of 132 bytes failed: Solo se completó una parte de una solicitud ReadProcessMemory o WriteProcessMemory. (0x12B)
[1114/130643.411:ERROR:process_reader_win.cc(242)] ReadMemory at 0x18f5b155470 of 132 bytes failed: Solo se completó una parte de una solicitud ReadProcessMemory o WriteProcessMemory. (0x12B)
[1114/130643.411:ERROR:process_reader_win.cc(242)] ReadMemory at 0x18f5b156690 of 154 bytes failed: Solo se completó una parte de una solicitud ReadProcessMemory o WriteProcessMemory. (0x12B)
[1114/130643.411:ERROR:process_reader_win.cc(242)] ReadMemory at 0x18f5b158070 of 512 bytes failed: Solo se completó una parte de una solicitud ReadProcessMemory o WriteProcessMemory. (0x12B)
[1114/130643.411:ERROR:process_reader_win.cc(242)] ReadMemory at 0x18f5b158d40 of 58 bytes failed: Solo se completó una parte de una solicitud ReadProcessMemory o WriteProcessMemory. (0x12B)
[1114/130643.411:ERROR:process_reader_win.cc(242)] ReadMemory at 0x18f5b159010 of 60 bytes failed: Solo se completó una parte de una solicitud ReadProcessMemory o WriteProcessMemory. (0x12B)
[1114/130643.411:ERROR:process_reader_win.cc(242)] ReadMemory at 0x18f5b159150 of 58 bytes failed: Solo se completó una parte de una solicitud ReadProcessMemory o WriteProcessMemory. (0x12B)
[1114/130643.411:ERROR:process_reader_win.cc(242)] ReadMemory at 0x18f5b1591a0 of 64 bytes failed: Solo se completó una parte de una solicitud ReadProcessMemory o WriteProcessMemory. (0x12B)
[1114/130643.411:ERROR:process_reader_win.cc(242)] ReadMemory at 0x18f5b1592e0 of 64 bytes failed: Solo se completó una parte de una solicitud ReadProcessMemory o WriteProcessMemory. (0x12B)
[1114/130643.411:ERROR:process_reader_win.cc(242)] ReadMemory at 0x18f5b159600 of 66 bytes failed: Solo se completó una parte de una solicitud ReadProcessMemory o WriteProcessMemory. (0x12B)
[1114/130643.411:ERROR:process_reader_win.cc(242)] ReadMemory at 0x18f5b1630e0 of 54 bytes failed: Solo se completó una parte de una solicitud ReadProcessMemory o WriteProcessMemory. (0x12B)
[1114/130643.411:ERROR:process_reader_win.cc(242)] ReadMemory at 0x18f5b1671e0 of 64 bytes failed: Solo se completó una parte de una solicitud ReadProcessMemory o WriteProcessMemory. (0x12B)
[1114/130643.411:ERROR:process_reader_win.cc(242)] ReadMemory at 0x18f5b167410 of 62 bytes failed: Solo se completó una parte de una solicitud ReadProcessMemory o WriteProcessMemory. (0x12B)
[1114/130643.411:ERROR:process_reader_win.cc(242)] ReadMemory at 0x18f5b167460 of 62 bytes failed: Solo se completó una parte de una solicitud ReadProcessMemory o WriteProcessMemory. (0x12B)
[1114/130643.411:ERROR:process_reader_win.cc(242)] ReadMemory at 0x18f5b1674b0 of 58 bytes failed: Solo se completó una parte de una solicitud ReadProcessMemory o WriteProcessMemory. (0x12B)
[1114/130643.411:ERROR:process_reader_win.cc(242)] ReadMemory at 0x18f5b167550 of 62 bytes failed: Solo se completó una parte de una solicitud ReadProcessMemory o WriteProcessMemory. (0x12B)
[1114/130643.411:ERROR:process_reader_win.cc(242)] ReadMemory at 0x18f5b167690 of 62 bytes failed: Solo se completó una parte de una solicitud ReadProcessMemory o WriteProcessMemory. (0x12B)
[1114/130643.411:ERROR:process_reader_win.cc(242)] ReadMemory at 0x18f5b167730 of 60 bytes failed: Solo se completó una parte de una solicitud ReadProcessMemory o WriteProcessMemory. (0x12B)
[1114/130643.411:ERROR:process_reader_win.cc(242)] ReadMemory at 0x18f5b1677d0 of 56 bytes failed: Solo se completó una parte de una solicitud ReadProcessMemory o WriteProcessMemory. (0x12B)
[1114/130643.411:ERROR:process_reader_win.cc(242)] ReadMemory at 0x18f5b167820 of 64 bytes failed: Solo se completó una parte de una solicitud ReadProcessMemory o WriteProcessMemory. (0x12B)
[1114/130643.411:ERROR:process_reader_win.cc(242)] ReadMemory at 0x18f5b167870 of 62 bytes failed: Solo se completó una parte de una solicitud ReadProcessMemory o WriteProcessMemory. (0x12B)
[1114/130643.411:ERROR:process_reader_win.cc(242)] ReadMemory at 0x18f5b167a50 of 64 bytes failed: Solo se completó una parte de una solicitud ReadProcessMemory o WriteProcessMemory. (0x12B)
[1114/130643.411:ERROR:process_reader_win.cc(242)] ReadMemory at 0x18f5b167aa0 of 60 bytes failed: Solo se completó una parte de una solicitud ReadProcessMemory o WriteProcessMemory. (0x12B)
[1114/130643.411:ERROR:process_reader_win.cc(242)] ReadMemory at 0x18f5b167b90 of 64 bytes failed: Solo se completó una parte de una solicitud ReadProcessMemory o WriteProcessMemory. (0x12B)
[1114/130643.411:ERROR:process_reader_win.cc(242)] ReadMemory at 0x18f5b167be0 of 60 bytes failed: Solo se completó una parte de una solicitud ReadProcessMemory o WriteProcessMemory. (0x12B)
[1114/130643.411:ERROR:process_reader_win.cc(242)] ReadMemory at 0x18f5b167cd0 of 58 bytes failed: Solo se completó una parte de una solicitud ReadProcessMemory o WriteProcessMemory. (0x12B)
[1114/130643.411:ERROR:process_reader_win.cc(242)] ReadMemory at 0x18f5b167d20 of 64 bytes failed: Solo se completó una parte de una solicitud ReadProcessMemory o WriteProcessMemory. (0x12B)
[1114/130643.411:ERROR:process_reader_win.cc(242)] ReadMemory at 0x18f5b167dc0 of 62 bytes failed: Solo se completó una parte de una solicitud ReadProcessMemory o WriteProcessMemory. (0x12B)
[1114/130643.411:ERROR:process_reader_win.cc(242)] ReadMemory at 0x18f5b168c90 of 132 bytes failed: Solo se completó una parte de una solicitud ReadProcessMemory o WriteProcessMemory. (0x12B)
[1114/130643.411:ERROR:process_reader_win.cc(242)] ReadMemory at 0x18f5b1694e0 of 132 bytes failed: Solo se completó una parte de una solicitud ReadProcessMemory o WriteProcessMemory. (0x12B)
[1114/130643.411:ERROR:process_reader_win.cc(242)] ReadMemory at 0x18f5b169740 of 132 bytes failed: Solo se completó una parte de una solicitud ReadProcessMemory o WriteProcessMemory. (0x12B)
[1114/130643.411:ERROR:process_reader_win.cc(242)] ReadMemory at 0x18f5b16a450 of 132 bytes failed: Solo se completó una parte de una solicitud ReadProcessMemory o WriteProcessMemory. (0x12B)
[1114/130643.411:ERROR:process_reader_win.cc(242)] ReadMemory at 0x18f5b17bcb0 of 512 bytes failed: Solo se completó una parte de una solicitud ReadProcessMemory o WriteProcessMemory. (0x12B)
[1114/130643.411:ERROR:process_reader_win.cc(242)] ReadMemory at 0x18f5b17cf50 of 512 bytes failed: Solo se completó una parte de una solicitud ReadProcessMemory o WriteProcessMemory. (0x12B)
[1114/130643.411:ERROR:process_reader_win.cc(242)] ReadMemory at 0x18f5b5d22c0 of 512 bytes failed: Solo se completó una parte de una solicitud ReadProcessMemory o WriteProcessMemory. (0x12B)
[1114/130643.411:ERROR:process_reader_win.cc(242)] ReadMemory at 0x18f5b631c40 of 512 bytes failed: Solo se completó una parte de una solicitud ReadProcessMemory o WriteProcessMemory. (0x12B)
[1114/130643.411:ERROR:process_reader_win.cc(242)] ReadMemory at 0x18f5b6350d0 of 512 bytes failed: Solo se completó una parte de una solicitud ReadProcessMemory o WriteProcessMemory. (0x12B)
[1114/130643.411:ERROR:process_reader_win.cc(242)] ReadMemory at 0x18f5b63fe90 of 688 bytes failed: Solo se completó una parte de una solicitud ReadProcessMemory o WriteProcessMemory. (0x12B)
[1114/130643.411:ERROR:process_reader_win.cc(242)] ReadMemory at 0x18f5b641db8 of 512 bytes failed: Solo se completó una parte de una solicitud ReadProcessMemory o WriteProcessMemory. (0x12B)
[1114/130643.411:ERROR:process_reader_win.cc(242)] ReadMemory at 0x18f5b649f20 of 512 bytes failed: Solo se completó una parte de una solicitud ReadProcessMemory o WriteProcessMemory. (0x12B)
[1114/130643.411:ERROR:process_reader_win.cc(242)] ReadMemory at 0x18f5b64b060 of 512 bytes failed: Solo se completó una parte de una solicitud ReadProcessMemory o WriteProcessMemory. (0x12B)
[1114/130643.411:ERROR:process_reader_win.cc(242)] ReadMemory at 0x18f5b6a5c88 of 512 bytes failed: Solo se completó una parte de una solicitud ReadProcessMemory o WriteProcessMemory. (0x12B)
[1114/130643.411:ERROR:process_reader_win.cc(242)] ReadMemory at 0x18f5b7aff80 of 512 bytes failed: Solo se completó una parte de una solicitud ReadProcessMemory o WriteProcessMemory. (0x12B)
[1114/130643.411:ERROR:process_reader_win.cc(242)] ReadMemory at 0x18f5b7ba060 of 856 bytes failed: Solo se completó una parte de una solicitud ReadProcessMemory o WriteProcessMemory. (0x12B)
[1114/130643.411:ERROR:process_reader_win.cc(242)] ReadMemory at 0x18f5d5b0000 of 384 bytes failed: Solo se completó una parte de una solicitud ReadProcessMemory o WriteProcessMemory. (0x12B)
[1114/130643.411:ERROR:process_reader_win.cc(242)] ReadMemory at 0x18f5d5ddee8 of 512 bytes failed: Solo se completó una parte de una solicitud ReadProcessMemory o WriteProcessMemory. (0x12B)
[1114/130643.411:ERROR:process_reader_win.cc(242)] ReadMemory at 0x18f5d60df70 of 512 bytes failed: Solo se completó una parte de una solicitud ReadProcessMemory o WriteProcessMemory. (0x12B)
[1114/130643.411:ERROR:process_reader_win.cc(242)] ReadMemory at 0x18f5d742f58 of 512 bytes failed: Solo se completó una parte de una solicitud ReadProcessMemory o WriteProcessMemory. (0x12B)
[1114/130643.411:ERROR:process_reader_win.cc(242)] ReadMemory at 0x18f5d7508d0 of 512 bytes failed: Solo se completó una parte de una solicitud ReadProcessMemory o WriteProcessMemory. (0x12B)
[1114/130643.411:ERROR:process_reader_win.cc(242)] ReadMemory at 0x18f5d7568f0 of 512 bytes failed: Solo se completó una parte de una solicitud ReadProcessMemory o WriteProcessMemory. (0x12B)
[1114/130643.411:ERROR:process_reader_win.cc(242)] ReadMemory at 0x18f5d9b0290 of 512 bytes failed: Solo se completó una parte de una solicitud ReadProcessMemory o WriteProcessMemory. (0x12B)
[1114/130643.411:ERROR:process_reader_win.cc(242)] ReadMemory at 0x18f5dc35960 of 512 bytes failed: Solo se completó una parte de una solicitud ReadProcessMemory o WriteProcessMemory. (0x12B)
[1114/130643.411:ERROR:process_reader_win.cc(242)] ReadMemory at 0x18f5dc40090 of 512 bytes failed: Solo se completó una parte de una solicitud ReadProcessMemory o WriteProcessMemory. (0x12B)
[1114/130643.411:ERROR:process_reader_win.cc(242)] ReadMemory at 0x7fffa0880000 of 384 bytes failed: Solo se completó una parte de una solicitud ReadProcessMemory o WriteProcessMemory. (0x12B)
[1114/130643.411:ERROR:process_reader_win.cc(242)] ReadMemory at 0x7fffa52967a0 of 672 bytes failed: Solo se completó una parte de una solicitud ReadProcessMemory o WriteProcessMemory. (0x12B)
[1114/130643.411:ERROR:process_reader_win.cc(242)] ReadMemory at 0x7fffee41a308 of 512 bytes failed: Solo se completó una parte de una solicitud ReadProcessMemory o WriteProcessMemory. (0x12B)
[1114/130643.411:ERROR:process_reader_win.cc(242)] ReadMemory at 0x7ffff202f260 of 522 bytes failed: Solo se completó una parte de una solicitud ReadProcessMemory o WriteProcessMemory. (0x12B)
[1114/130643.411:ERROR:process_reader_win.cc(242)] ReadMemory at 0x7ffff20309e0 of 512 bytes failed: Solo se completó una parte de una solicitud ReadProcessMemory o WriteProcessMemory. (0x12B)
[1114/130643.427:ERROR:process_reader_win.cc(242)] ReadMemory at 0x7ffff20312d0 of 512 bytes failed: Solo se completó una parte de una solicitud ReadProcessMemory o WriteProcessMemory. (0x12B)
[1114/130643.427:ERROR:process_reader_win.cc(242)] ReadMemory at 0x7ffff20330c0 of 512 bytes failed: Solo se completó una parte de una solicitud ReadProcessMemory o WriteProcessMemory. (0x12B)
[1114/130643.427:ERROR:process_reader_win.cc(242)] ReadMemory at 0x7ffff20a9ef4 of 672 bytes failed: Solo se completó una parte de una solicitud ReadProcessMemory o WriteProcessMemory. (0x12B)
[1114/130643.427:ERROR:process_reader_win.cc(242)] ReadMemory at 0x7ffff20aa4f4 of 512 bytes failed: Solo se completó una parte de una solicitud ReadProcessMemory o WriteProcessMemory. (0x12B)
[1114/130643.427:ERROR:process_reader_win.cc(242)] ReadMemory at 0x7ffff20ad764 of 608 bytes failed: Solo se completó una parte de una solicitud ReadProcessMemory o WriteProcessMemory. (0x12B)
[1114/130643.427:ERROR:process_reader_win.cc(242)] ReadMemory at 0x7ffff2128aa0 of 512 bytes failed: Solo se completó una parte de una solicitud ReadProcessMemory o WriteProcessMemory. (0x12B)
[1114/130643.427:ERROR:process_reader_win.cc(242)] ReadMemory at 0x7ffff2133810 of 18 bytes failed: Solo se completó una parte de una solicitud ReadProcessMemory o WriteProcessMemory. (0x12B)
[1114/130643.427:ERROR:process_reader_win.cc(242)] ReadMemory at 0x7ffff21664e0 of 40 bytes failed: Solo se completó una parte de una solicitud ReadProcessMemory o WriteProcessMemory. (0x12B)
[1114/130643.427:ERROR:process_reader_win.cc(242)] ReadMemory at 0x7ffff2166938 of 48 bytes failed: Solo se completó una parte de una solicitud ReadProcessMemory o WriteProcessMemory. (0x12B)
[1114/130643.427:ERROR:process_reader_win.cc(242)] ReadMemory at 0x7ffff216c360 of 64 bytes failed: Solo se completó una parte de una solicitud ReadProcessMemory o WriteProcessMemory. (0x12B)
[1114/130643.427:ERROR:scoped_process_suspend.cc(40)] NtResumeProcess: Se intentó obtener acceso a un proceso que está cerrándose. (0xc000010a)
